<?xml version="1.0" encoding="UTF-8"?>
<!-- Generated by org.testng.reporters.JUnitXMLReporter -->
<testsuite hostname="DESKTOP-CFKOTVR" ignored="0" name="Default test(failed)" tests="1" failures="1" timestamp="22 Dec 2017 07:59:18 GMT" time="239.349" errors="0">
  <testcase name="test01" time="239.308" classname="tests.StartApplication">
    <failure type="org.openqa.selenium.NoSuchElementException" message="An element could not be located on the page using the given search parameters. (WARNING: The server did not provide any stacktrace information)
Command duration or timeout: 100.07 seconds
For documentation on this error, please visit: http://seleniumhq.org/exceptions/no_such_element.html
Build info: version: &amp;apos;2.53.0&amp;apos;, revision: &amp;apos;35ae25b1534ae328c771e0856c93e187490ca824&amp;apos;, time: &amp;apos;2016-03-15 10:43:46&amp;apos;
System info: host: &amp;apos;DESKTOP-CFKOTVR&amp;apos;, ip: &amp;apos;192.168.2.75&amp;apos;, os.name: &amp;apos;Windows 10&amp;apos;, os.arch: &amp;apos;amd64&amp;apos;, os.version: &amp;apos;10.0&amp;apos;, java.version: &amp;apos;1.8.0_141&amp;apos;
Driver info: io.appium.java_client.android.AndroidDriver
Capabilities [{appPackage=com.carter.app, deviceScreenSize=480x854, networkConnectionEnabled=true, warnings={}, databaseEnabled=false, deviceName=LGK3322fc70d5b, platform=LINUX, deviceUDID=LGK3322fc70d5b, appActivity=com.carter.app.MainActivity, desired={appPackage=com.carter.app, appActivity=com.carter.app.MainActivity, platformVersion=7.0, udid=LGK3322fc70d5b, platformName=Android, deviceName=My New Phone}, platformVersion=5.1.1, webStorageEnabled=false, locationContextEnabled=false, takesScreenshot=true, javascriptEnabled=true, deviceModel=LG-K332, udid=LGK3322fc70d5b, platformName=Android, deviceManufacturer=LGE}]
Session ID: bc9e85f4-b467-4da5-8327-8358b584fc5d
*** Element info: {Using=xpath, value=//android.widget.EditText[contains(text(),&amp;apos;Full Name*&amp;apos;)]}">
      <![CDATA[org.openqa.selenium.NoSuchElementException: An element could not be located on the page using the given search parameters. (WARNING: The server did not provide any stacktrace information)
Command duration or timeout: 100.07 seconds
For documentation on this error, please visit: http://seleniumhq.org/exceptions/no_such_element.html
Build info: version: '2.53.0', revision: '35ae25b1534ae328c771e0856c93e187490ca824', time: '2016-03-15 10:43:46'
System info: host: 'DESKTOP-CFKOTVR', ip: '192.168.2.75', os.name: 'Windows 10', os.arch: 'amd64', os.version: '10.0', java.version: '1.8.0_141'
Driver info: io.appium.java_client.android.AndroidDriver
Capabilities [{appPackage=com.carter.app, deviceScreenSize=480x854, networkConnectionEnabled=true, warnings={}, databaseEnabled=false, deviceName=LGK3322fc70d5b, platform=LINUX, deviceUDID=LGK3322fc70d5b, appActivity=com.carter.app.MainActivity, desired={appPackage=com.carter.app, appActivity=com.carter.app.MainActivity, platformVersion=7.0, udid=LGK3322fc70d5b, platformName=Android, deviceName=My New Phone}, platformVersion=5.1.1, webStorageEnabled=false, locationContextEnabled=false, takesScreenshot=true, javascriptEnabled=true, deviceModel=LG-K332, udid=LGK3322fc70d5b, platformName=Android, deviceManufacturer=LGE}]
Session ID: bc9e85f4-b467-4da5-8327-8358b584fc5d
*** Element info: {Using=xpath, value=//android.widget.EditText[contains(text(),'Full Name*')]}
	at org.openqa.selenium.remote.ErrorHandler.createThrowable(ErrorHandler.java:206)
	at org.openqa.selenium.remote.ErrorHandler.throwIfResponseFailed(ErrorHandler.java:158)
	at org.openqa.selenium.remote.RemoteWebDriver.execute(RemoteWebDriver.java:678)
	at io.appium.java_client.DefaultGenericMobileDriver.execute(DefaultGenericMobileDriver.java:40)
	at io.appium.java_client.AppiumDriver.execute(AppiumDriver.java:1)
	at io.appium.java_client.android.AndroidDriver.execute(AndroidDriver.java:1)
	at org.openqa.selenium.remote.RemoteWebDriver.findElement(RemoteWebDriver.java:363)
	at io.appium.java_client.DefaultGenericMobileDriver.findElement(DefaultGenericMobileDriver.java:56)
	at io.appium.java_client.AppiumDriver.findElement(AppiumDriver.java:1)
	at io.appium.java_client.android.AndroidDriver.findElement(AndroidDriver.java:1)
	at org.openqa.selenium.remote.RemoteWebDriver.findElementByXPath(RemoteWebDriver.java:500)
	at io.appium.java_client.DefaultGenericMobileDriver.findElementByXPath(DefaultGenericMobileDriver.java:134)
	at io.appium.java_client.AppiumDriver.findElementByXPath(AppiumDriver.java:1)
	at io.appium.java_client.android.AndroidDriver.findElementByXPath(AndroidDriver.java:1)
	at org.openqa.selenium.By$ByXPath.findElement(By.java:361)
	at org.openqa.selenium.remote.RemoteWebDriver.findElement(RemoteWebDriver.java:355)
	at io.appium.java_client.DefaultGenericMobileDriver.findElement(DefaultGenericMobileDriver.java:52)
	at io.appium.java_client.AppiumDriver.findElement(AppiumDriver.java:1)
	at io.appium.java_client.android.AndroidDriver.findElement(AndroidDriver.java:1)
	at org.openqa.selenium.support.pagefactory.DefaultElementLocator.findElement(DefaultElementLocator.java:69)
	at org.openqa.selenium.support.pagefactory.internal.LocatingElementHandler.invoke(LocatingElementHandler.java:38)
	at com.sun.proxy.$Proxy5.click(Unknown Source)
	at pom.cartexLogin.EnterFullName(cartexLogin.java:58)
	at tests.StartApplication.test01(StartApplication.java:69)
... Removed 29 stack frames]]>
    </failure>
  </testcase> <!-- test01 -->
</testsuite> <!-- Default test(failed) -->
